Warning: Equate pins:  cell sky130_fd_pr__res_xhigh_po is a placeholder, treated as a black box.
Warning: Equate pins:  cell sky130_fd_pr__res_xhigh_po is a placeholder, treated as a black box.

Subcircuit pins:
Circuit 1: sky130_fd_pr__res_xhigh_po      |Circuit 2: sky130_fd_pr__res_xhigh_po      
-------------------------------------------|-------------------------------------------
1                                          |1                                          
2                                          |2                                          
3                                          |3                                          
---------------------------------------------------------------------------------------
Cell pin lists are equivalent.
Device classes sky130_fd_pr__res_xhigh_po and sky130_fd_pr__res_xhigh_po are equivalent.
Warning: Equate pins:  cell sky130_fd_pr__pfet_01v8_lvt is a placeholder, treated as a black box.
Warning: Equate pins:  cell sky130_fd_pr__pfet_01v8_lvt is a placeholder, treated as a black box.

Subcircuit pins:
Circuit 1: sky130_fd_pr__pfet_01v8_lvt     |Circuit 2: sky130_fd_pr__pfet_01v8_lvt     
-------------------------------------------|-------------------------------------------
1                                          |1                                          
2                                          |2                                          
3                                          |3                                          
4                                          |4                                          
---------------------------------------------------------------------------------------
Cell pin lists are equivalent.
Device classes sky130_fd_pr__pfet_01v8_lvt and sky130_fd_pr__pfet_01v8_lvt are equivalent.
Warning: Equate pins:  cell sky130_fd_pr__pnp_05v5_W3p40L3p40 is a placeholder, treated as a black box.
Warning: Equate pins:  cell sky130_fd_pr__pnp_05v5_W3p40L3p40 is a placeholder, treated as a black box.

Subcircuit pins:
Circuit 1: sky130_fd_pr__pnp_05v5_W3p40L3p |Circuit 2: sky130_fd_pr__pnp_05v5_W3p40L3p 
-------------------------------------------|-------------------------------------------
1                                          |1                                          
2                                          |2                                          
3                                          |3                                          
---------------------------------------------------------------------------------------
Cell pin lists are equivalent.
Device classes sky130_fd_pr__pnp_05v5_W3p40L3p40 and sky130_fd_pr__pnp_05v5_W3p40L3p40 are equivalent.
Warning: Equate pins:  cell sky130_fd_pr__nfet_01v8_lvt is a placeholder, treated as a black box.
Warning: Equate pins:  cell sky130_fd_pr__nfet_01v8_lvt is a placeholder, treated as a black box.

Subcircuit pins:
Circuit 1: sky130_fd_pr__nfet_01v8_lvt     |Circuit 2: sky130_fd_pr__nfet_01v8_lvt     
-------------------------------------------|-------------------------------------------
1                                          |1                                          
2                                          |2                                          
3                                          |3                                          
4                                          |4                                          
---------------------------------------------------------------------------------------
Cell pin lists are equivalent.
Device classes sky130_fd_pr__nfet_01v8_lvt and sky130_fd_pr__nfet_01v8_lvt are equivalent.
Warning: Equate pins:  cell sky130_fd_pr__cap_mim_m3_1 is a placeholder, treated as a black box.
Warning: Equate pins:  cell sky130_fd_pr__cap_mim_m3_1 is a placeholder, treated as a black box.

Subcircuit pins:
Circuit 1: sky130_fd_pr__cap_mim_m3_1      |Circuit 2: sky130_fd_pr__cap_mim_m3_1      
-------------------------------------------|-------------------------------------------
1                                          |1                                          
2                                          |2                                          
---------------------------------------------------------------------------------------
Cell pin lists are equivalent.
Device classes sky130_fd_pr__cap_mim_m3_1 and sky130_fd_pr__cap_mim_m3_1 are equivalent.

Cell sky130_asc_res_xhigh_po_2p85_1 (0) disconnected node: VPWR
Cell sky130_asc_res_xhigh_po_2p85_1 (0) disconnected node: VSUBS
Cell sky130_asc_res_xhigh_po_2p85_1 (1) disconnected node: VPWR
Cell sky130_asc_res_xhigh_po_2p85_1 (1) disconnected node: VSUBS
Class sky130_asc_res_xhigh_po_2p85_1 (0):  Merged 1 series devices.
Class sky130_asc_res_xhigh_po_2p85_1 (1):  Merged 1 series devices.
Cell sky130_asc_res_xhigh_po_2p85_1 (0) disconnected node: VPWR
Cell sky130_asc_res_xhigh_po_2p85_1 (0) disconnected node: VSUBS
Cell sky130_asc_res_xhigh_po_2p85_1 (1) disconnected node: VPWR
Cell sky130_asc_res_xhigh_po_2p85_1 (1) disconnected node: VSUBS
Subcircuit summary:
Circuit 1: sky130_asc_res_xhigh_po_2p85_1  |Circuit 2: sky130_asc_res_xhigh_po_2p85_1  
-------------------------------------------|-------------------------------------------
sky130_fd_pr__res_xhigh_po (2->1)          |sky130_fd_pr__res_xhigh_po (2->1)          
Number of devices: 1                       |Number of devices: 1                       
Number of nets: 3                          |Number of nets: 3                          
---------------------------------------------------------------------------------------
Resolving automorphisms by property value.
Resolving automorphisms by pin name.
Netlists match uniquely.
Circuits match correctly.

Subcircuit pins:
Circuit 1: sky130_asc_res_xhigh_po_2p85_1  |Circuit 2: sky130_asc_res_xhigh_po_2p85_1  
-------------------------------------------|-------------------------------------------
VGND                                       |VGND                                       
Rout                                       |Rout                                       
Rin                                        |Rin                                        
VPWR                                       |VPWR                                       
VSUBS                                      |VSUBS                                      
---------------------------------------------------------------------------------------
Cell pin lists are equivalent.
Device classes sky130_asc_res_xhigh_po_2p85_1 and sky130_asc_res_xhigh_po_2p85_1 are equivalent.

Cell sky130_asc_pnp_05v5_W3p40L3p40_7 (0) disconnected node: VPWR
Cell sky130_asc_pnp_05v5_W3p40L3p40_7 (0) disconnected node: VGND
Cell sky130_asc_pnp_05v5_W3p40L3p40_7 (0) disconnected node: VSUBS
Cell sky130_asc_pnp_05v5_W3p40L3p40_7 (1) disconnected node: VPWR
Cell sky130_asc_pnp_05v5_W3p40L3p40_7 (1) disconnected node: VGND
Cell sky130_asc_pnp_05v5_W3p40L3p40_7 (1) disconnected node: VSUBS
Class sky130_asc_pnp_05v5_W3p40L3p40_7 (0):  Merged 6 parallel devices.
Class sky130_asc_pnp_05v5_W3p40L3p40_7 (1):  Merged 6 parallel devices.
Cell sky130_asc_pnp_05v5_W3p40L3p40_7 (0) disconnected node: VPWR
Cell sky130_asc_pnp_05v5_W3p40L3p40_7 (0) disconnected node: VGND
Cell sky130_asc_pnp_05v5_W3p40L3p40_7 (0) disconnected node: VSUBS
Cell sky130_asc_pnp_05v5_W3p40L3p40_7 (1) disconnected node: VPWR
Cell sky130_asc_pnp_05v5_W3p40L3p40_7 (1) disconnected node: VGND
Cell sky130_asc_pnp_05v5_W3p40L3p40_7 (1) disconnected node: VSUBS
Subcircuit summary:
Circuit 1: sky130_asc_pnp_05v5_W3p40L3p40_ |Circuit 2: sky130_asc_pnp_05v5_W3p40L3p40_ 
-------------------------------------------|-------------------------------------------
sky130_fd_pr__pnp_05v5_W3p40L3p40 (7->1)   |sky130_fd_pr__pnp_05v5_W3p40L3p40 (7->1)   
Number of devices: 1                       |Number of devices: 1                       
Number of nets: 3                          |Number of nets: 3                          
---------------------------------------------------------------------------------------
Circuits match uniquely.
Netlists match uniquely.

Subcircuit pins:
Circuit 1: sky130_asc_pnp_05v5_W3p40L3p40_ |Circuit 2: sky130_asc_pnp_05v5_W3p40L3p40_ 
-------------------------------------------|-------------------------------------------
Collector                                  |Collector                                  
Base                                       |Base                                       
Emitter                                    |Emitter                                    
VPWR                                       |VPWR                                       
VGND                                       |VGND                                       
VSUBS                                      |VSUBS                                      
---------------------------------------------------------------------------------------
Cell pin lists are equivalent.
Device classes sky130_asc_pnp_05v5_W3p40L3p40_7 and sky130_asc_pnp_05v5_W3p40L3p40_7 are equivalent.

Cell sky130_asc_res_xhigh_po_2p85_2 (0) disconnected node: VPWR
Cell sky130_asc_res_xhigh_po_2p85_2 (0) disconnected node: VSUBS
Cell sky130_asc_res_xhigh_po_2p85_2 (1) disconnected node: VPWR
Cell sky130_asc_res_xhigh_po_2p85_2 (1) disconnected node: VSUBS
Class sky130_asc_res_xhigh_po_2p85_2 (0):  Merged 1 series devices.
Class sky130_asc_res_xhigh_po_2p85_2 (1):  Merged 1 series devices.
Cell sky130_asc_res_xhigh_po_2p85_2 (0) disconnected node: VPWR
Cell sky130_asc_res_xhigh_po_2p85_2 (0) disconnected node: VSUBS
Cell sky130_asc_res_xhigh_po_2p85_2 (1) disconnected node: VPWR
Cell sky130_asc_res_xhigh_po_2p85_2 (1) disconnected node: VSUBS
Subcircuit summary:
Circuit 1: sky130_asc_res_xhigh_po_2p85_2  |Circuit 2: sky130_asc_res_xhigh_po_2p85_2  
-------------------------------------------|-------------------------------------------
sky130_fd_pr__res_xhigh_po (2->1)          |sky130_fd_pr__res_xhigh_po (2->1)          
Number of devices: 1                       |Number of devices: 1                       
Number of nets: 3                          |Number of nets: 3                          
---------------------------------------------------------------------------------------
Resolving automorphisms by property value.
Resolving automorphisms by pin name.
Netlists match uniquely.
Circuits match correctly.

Subcircuit pins:
Circuit 1: sky130_asc_res_xhigh_po_2p85_2  |Circuit 2: sky130_asc_res_xhigh_po_2p85_2  
-------------------------------------------|-------------------------------------------
VGND                                       |VGND                                       
Rin                                        |Rin                                        
Rout                                       |Rout                                       
VPWR                                       |VPWR                                       
VSUBS                                      |VSUBS                                      
---------------------------------------------------------------------------------------
Cell pin lists are equivalent.
Device classes sky130_asc_res_xhigh_po_2p85_2 and sky130_asc_res_xhigh_po_2p85_2 are equivalent.

Cell sky130_asc_pnp_05v5_W3p40L3p40_1 (0) disconnected node: VPWR
Cell sky130_asc_pnp_05v5_W3p40L3p40_1 (0) disconnected node: VGND
Cell sky130_asc_pnp_05v5_W3p40L3p40_1 (0) disconnected node: VSUBS
Cell sky130_asc_pnp_05v5_W3p40L3p40_1 (1) disconnected node: VPWR
Cell sky130_asc_pnp_05v5_W3p40L3p40_1 (1) disconnected node: VGND
Cell sky130_asc_pnp_05v5_W3p40L3p40_1 (1) disconnected node: VSUBS
Subcircuit summary:
Circuit 1: sky130_asc_pnp_05v5_W3p40L3p40_ |Circuit 2: sky130_asc_pnp_05v5_W3p40L3p40_ 
-------------------------------------------|-------------------------------------------
sky130_fd_pr__pnp_05v5_W3p40L3p40 (1)      |sky130_fd_pr__pnp_05v5_W3p40L3p40 (1)      
Number of devices: 1                       |Number of devices: 1                       
Number of nets: 3                          |Number of nets: 3                          
---------------------------------------------------------------------------------------
Circuits match uniquely.
Netlists match uniquely.

Subcircuit pins:
Circuit 1: sky130_asc_pnp_05v5_W3p40L3p40_ |Circuit 2: sky130_asc_pnp_05v5_W3p40L3p40_ 
-------------------------------------------|-------------------------------------------
Collector                                  |Collector                                  
Base                                       |Base                                       
Emitter                                    |Emitter                                    
VPWR                                       |VPWR                                       
VGND                                       |VGND                                       
VSUBS                                      |VSUBS                                      
---------------------------------------------------------------------------------------
Cell pin lists are equivalent.
Device classes sky130_asc_pnp_05v5_W3p40L3p40_1 and sky130_asc_pnp_05v5_W3p40L3p40_1 are equivalent.

Cell sky130_asc_pnp_05v5_W3p40L3p40_8 (0) disconnected node: VPWR
Cell sky130_asc_pnp_05v5_W3p40L3p40_8 (0) disconnected node: VGND
Cell sky130_asc_pnp_05v5_W3p40L3p40_8 (0) disconnected node: VSUBS
Cell sky130_asc_pnp_05v5_W3p40L3p40_8 (1) disconnected node: VPWR
Cell sky130_asc_pnp_05v5_W3p40L3p40_8 (1) disconnected node: VGND
Cell sky130_asc_pnp_05v5_W3p40L3p40_8 (1) disconnected node: VSUBS
Class sky130_asc_pnp_05v5_W3p40L3p40_8 (0):  Merged 7 parallel devices.
Class sky130_asc_pnp_05v5_W3p40L3p40_8 (1):  Merged 7 parallel devices.
Cell sky130_asc_pnp_05v5_W3p40L3p40_8 (0) disconnected node: VPWR
Cell sky130_asc_pnp_05v5_W3p40L3p40_8 (0) disconnected node: VGND
Cell sky130_asc_pnp_05v5_W3p40L3p40_8 (0) disconnected node: VSUBS
Cell sky130_asc_pnp_05v5_W3p40L3p40_8 (1) disconnected node: VPWR
Cell sky130_asc_pnp_05v5_W3p40L3p40_8 (1) disconnected node: VGND
Cell sky130_asc_pnp_05v5_W3p40L3p40_8 (1) disconnected node: VSUBS
Subcircuit summary:
Circuit 1: sky130_asc_pnp_05v5_W3p40L3p40_ |Circuit 2: sky130_asc_pnp_05v5_W3p40L3p40_ 
-------------------------------------------|-------------------------------------------
sky130_fd_pr__pnp_05v5_W3p40L3p40 (8->1)   |sky130_fd_pr__pnp_05v5_W3p40L3p40 (8->1)   
Number of devices: 1                       |Number of devices: 1                       
Number of nets: 3                          |Number of nets: 3                          
---------------------------------------------------------------------------------------
Circuits match uniquely.
Netlists match uniquely.

Subcircuit pins:
Circuit 1: sky130_asc_pnp_05v5_W3p40L3p40_ |Circuit 2: sky130_asc_pnp_05v5_W3p40L3p40_ 
-------------------------------------------|-------------------------------------------
Collector                                  |Collector                                  
Base                                       |Base                                       
Emitter                                    |Emitter                                    
VPWR                                       |VPWR                                       
VGND                                       |VGND                                       
VSUBS                                      |VSUBS                                      
---------------------------------------------------------------------------------------
Cell pin lists are equivalent.
Device classes sky130_asc_pnp_05v5_W3p40L3p40_8 and sky130_asc_pnp_05v5_W3p40L3p40_8 are equivalent.
Flattening unmatched subcell sky130_asc_pfet_01v8_lvt_60 in circuit bgr_gen7 (0)(3 instances)
Flattening unmatched subcell sky130_asc_pfet_01v8_lvt_12 in circuit bgr_gen7 (0)(2 instances)
Flattening unmatched subcell sky130_asc_nfet_01v8_lvt_9 in circuit bgr_gen7 (0)(3 instances)
Flattening unmatched subcell sky130_asc_pfet_01v8_lvt_6 in circuit bgr_gen7 (0)(2 instances)
Flattening unmatched subcell sky130_asc_cap_mim_m3_1 in circuit bgr_gen7 (0)(10 instances)
Flattening unmatched subcell sky130_asc_nfet_01v8_lvt_1 in circuit bgr_gen7 (0)(2 instances)

Class bgr_gen7 (0):  Merged 431 parallel devices.
Subcircuit summary:
Circuit 1: bgr_gen7                        |Circuit 2: bgr_gen8_0                      
-------------------------------------------|-------------------------------------------
sky130_asc_res_xhigh_po_2p85_1 (31)        |sky130_asc_res_xhigh_po_2p85_1 (31)        
sky130_fd_pr__pfet_01v8_lvt (216->7)       |sky130_fd_pr__pfet_01v8_lvt (216->7)       
sky130_asc_pnp_05v5_W3p40L3p40_7 (1)       |sky130_asc_pnp_05v5_W3p40L3p40_7 (1)       
sky130_asc_res_xhigh_po_2p85_2 (2)         |sky130_asc_res_xhigh_po_2p85_2 (2)         
sky130_fd_pr__nfet_01v8_lvt (29->5)        |sky130_fd_pr__nfet_01v8_lvt (29->5)        
sky130_asc_pnp_05v5_W3p40L3p40_1 (1)       |sky130_asc_pnp_05v5_W3p40L3p40_1 (1)       
sky130_fd_pr__cap_mim_m3_1 (200->2)        |sky130_fd_pr__cap_mim_m3_1 (200->2)        
sky130_asc_pnp_05v5_W3p40L3p40_8 (4)       |sky130_asc_pnp_05v5_W3p40L3p40_8 (4)       
Number of devices: 53                      |Number of devices: 53                      
Number of nets: 41 **Mismatch**            |Number of nets: 40 **Mismatch**            
---------------------------------------------------------------------------------------
NET mismatches: Class fragments follow (with fanout counts):
Circuit 1: bgr_gen7                        |Circuit 2: bgr_gen8_0                      

---------------------------------------------------------------------------------------
Net: VSS                                   |Net: vssa1                                 
  sky130_asc_res_xhigh_po_2p85_1/VGND = 31 |  sky130_fd_pr__nfet_01v8_lvt/4 = 5        
  sky130_asc_pnp_05v5_W3p40L3p40_7/Base =  |  sky130_fd_pr__nfet_01v8_lvt/(1|3) = 3    
  sky130_asc_pnp_05v5_W3p40L3p40_7/Collect |  sky130_fd_pr__cap_mim_m3_1/1 = 1         
  sky130_asc_pnp_05v5_W3p40L3p40_7/VGND =  |  sky130_asc_res_xhigh_po_2p85_1/VGND = 31 
  sky130_asc_res_xhigh_po_2p85_2/Rout = 2  |  sky130_asc_res_xhigh_po_2p85_1/VSUBS = 3 
  sky130_asc_res_xhigh_po_2p85_2/VGND = 2  |  sky130_asc_res_xhigh_po_2p85_2/Rout = 2  
  sky130_fd_pr__nfet_01v8_lvt/(1|3) = 3    |  sky130_asc_res_xhigh_po_2p85_2/VGND = 2  
  sky130_fd_pr__nfet_01v8_lvt/4 = 5        |  sky130_asc_res_xhigh_po_2p85_2/VSUBS = 2 
  sky130_asc_pnp_05v5_W3p40L3p40_1/Base =  |  sky130_asc_res_xhigh_po_2p85_1/Rout = 1  
  sky130_asc_pnp_05v5_W3p40L3p40_1/Collect |  sky130_asc_pnp_05v5_W3p40L3p40_8/Base =  
  sky130_asc_pnp_05v5_W3p40L3p40_1/VGND =  |  sky130_asc_pnp_05v5_W3p40L3p40_8/Collect 
  sky130_asc_pnp_05v5_W3p40L3p40_8/Base =  |  sky130_asc_pnp_05v5_W3p40L3p40_8/VGND =  
  sky130_asc_pnp_05v5_W3p40L3p40_8/Collect |  sky130_asc_pnp_05v5_W3p40L3p40_8/VSUBS = 
  sky130_asc_pnp_05v5_W3p40L3p40_8/VGND =  |  sky130_asc_pnp_05v5_W3p40L3p40_7/Base =  
  sky130_fd_pr__cap_mim_m3_1/1 = 1         |  sky130_asc_pnp_05v5_W3p40L3p40_7/Collect 
  sky130_asc_res_xhigh_po_2p85_1/Rout = 1  |  sky130_asc_pnp_05v5_W3p40L3p40_7/VGND =  
                                           |  sky130_asc_pnp_05v5_W3p40L3p40_7/VSUBS = 
                                           |  sky130_asc_pnp_05v5_W3p40L3p40_1/Base =  
                                           |  sky130_asc_pnp_05v5_W3p40L3p40_1/Collect 
                                           |  sky130_asc_pnp_05v5_W3p40L3p40_1/VGND =  
                                           |  sky130_asc_pnp_05v5_W3p40L3p40_1/VSUBS = 
                                           |                                           
Net: VSUBS                                 |(no matching net)                          
  sky130_asc_res_xhigh_po_2p85_1/VSUBS = 3 |                                           
  sky130_asc_pnp_05v5_W3p40L3p40_7/VSUBS = |                                           
  sky130_asc_res_xhigh_po_2p85_2/VSUBS = 2 |                                           
  sky130_asc_pnp_05v5_W3p40L3p40_1/VSUBS = |                                           
  sky130_asc_pnp_05v5_W3p40L3p40_8/VSUBS = |                                           
---------------------------------------------------------------------------------------

---------------------------------------------------------------------------------------
Net: vb                                    |Net: vb                                    
  sky130_fd_pr__nfet_01v8_lvt/2 = 1        |  sky130_fd_pr__nfet_01v8_lvt/2 = 1        
  sky130_fd_pr__pfet_01v8_lvt/(1|3) = 1    |  sky130_fd_pr__pfet_01v8_lvt/(1|3) = 1    
  sky130_asc_res_xhigh_po_2p85_1/Rin = 1   |  sky130_asc_res_xhigh_po_2p85_1/Rin = 2   
  sky130_asc_res_xhigh_po_2p85_1/Rout = 1  |                                           
---------------------------------------------------------------------------------------

---------------------------------------------------------------------------------------
Net: VDD                                   |Net: vccd1                                 
  sky130_asc_res_xhigh_po_2p85_1/VPWR = 31 |  sky130_asc_res_xhigh_po_2p85_1/VPWR = 31 
  sky130_fd_pr__pfet_01v8_lvt/(1|3) = 7    |  sky130_fd_pr__pfet_01v8_lvt/(1|3) = 7    
  sky130_fd_pr__pfet_01v8_lvt/4 = 7        |  sky130_fd_pr__pfet_01v8_lvt/4 = 7        
  sky130_asc_pnp_05v5_W3p40L3p40_7/VPWR =  |  sky130_asc_pnp_05v5_W3p40L3p40_7/VPWR =  
  sky130_asc_res_xhigh_po_2p85_2/VPWR = 2  |  sky130_asc_res_xhigh_po_2p85_2/VPWR = 2  
  sky130_fd_pr__pfet_01v8_lvt/2 = 1        |  sky130_fd_pr__pfet_01v8_lvt/2 = 1        
  sky130_asc_pnp_05v5_W3p40L3p40_1/VPWR =  |  sky130_asc_pnp_05v5_W3p40L3p40_1/VPWR =  
  sky130_fd_pr__cap_mim_m3_1/2 = 1         |  sky130_fd_pr__cap_mim_m3_1/2 = 1         
  sky130_asc_pnp_05v5_W3p40L3p40_8/VPWR =  |  sky130_asc_pnp_05v5_W3p40L3p40_8/VPWR =  
---------------------------------------------------------------------------------------

---------------------------------------------------------------------------------------
Net: sky130_asc_res_xhigh_po_2p85_1_17/Rin |Net: net16                                 
  sky130_asc_res_xhigh_po_2p85_1/Rin = 1   |  sky130_asc_res_xhigh_po_2p85_1/Rout = 1  
  sky130_asc_res_xhigh_po_2p85_1/Rout = 1  |  sky130_asc_res_xhigh_po_2p85_1/Rin = 1   
                                           |                                           
Net: sky130_asc_res_xhigh_po_2p85_1_18/Rin |Net: net15                                 
  sky130_asc_res_xhigh_po_2p85_1/Rin = 2   |  sky130_asc_res_xhigh_po_2p85_1/Rout = 1  
                                           |  sky130_asc_res_xhigh_po_2p85_1/Rin = 1   
---------------------------------------------------------------------------------------
DEVICE mismatches: Class fragments follow (with node fanout counts):
Circuit 1: bgr_gen7                        |Circuit 2: bgr_gen8_0                      

---------------------------------------------------------------------------------------
Instance: sky130_asc_res_xhigh_po_2p85_1_1 |Instance: sky130_asc_res_xhigh_po_2p85_1:7 
  Rin = 2                                  |  Rin = 4                                  
  Rout = 4                                 |  Rout = 2                                 
  VPWR = 55                                |  VPWR = 55                                
  VGND = 63                                |  VGND = 102                               
  VSUBS = 39                               |  VSUBS = 102                              
---------------------------------------------------------------------------------------
Netlists do not match.
Netlists do not match.
